#
# There is insufficient memory for the Java Runtime Environment to continue.
# Native memory allocation (malloc) failed to allocate 1009296 bytes for Chunk::new
# Possible reasons:
#   The system is out of physical RAM or swap space
#   The process is running with CompressedOops enabled, and the Java Heap may be blocking the growth of the native heap
# Possible solutions:
#   Reduce memory load on the system
#   Increase physical memory or swap space
#   Check if swap backing store is full
#   Decrease Java heap size (-Xmx/-Xms)
#   Decrease number of Java threads
#   Decrease Java thread stack sizes (-Xss)
#   Set larger code cache with -XX:ReservedCodeCacheSize=
#   JVM is running with Unscaled Compressed Oops mode in which the Java heap is
#     placed in the first 4GB address space. The Java Heap base address is the
#     maximum limit for the native heap growth. Please use -XX:HeapBaseMinAddress
#     to set the Java Heap base and to place the Java Heap above 4GB virtual address.
# This output file may be truncated or incomplete.
#
#  Out of Memory Error (allocation.cpp:389), pid=1172, tid=0x00000000000025fc
#
# JRE version: OpenJDK Runtime Environment (8.0_242-b01) (build 1.8.0_242-release-1644-b01)
# Java VM: OpenJDK 64-Bit Server VM (25.242-b01 mixed mode windows-amd64 compressed oops)
# Failed to write core dump. Minidumps are not enabled by default on client versions of Windows
#

---------------  T H R E A D  ---------------

Current thread (0x0000000017a9d000):  JavaThread "C2 CompilerThread1" daemon [_thread_in_native, id=9724, stack(0x00000000191e0000,0x00000000192e0000)]

Stack: [0x00000000191e0000,0x00000000192e0000]
[error occurred during error reporting (printing stack bounds), id 0xc0000005]

Native frames: (J=compiled Java code, j=interpreted, Vv=VM code, C=native code)


Current CompileTask:
C2:5023452 32073       4       org.codehaus.groovy.reflection.CachedMethod::compareTo (25 bytes)


---------------  P R O C E S S  ---------------

Java Threads: ( => current thread )
  0x0000000024025000 JavaThread "Cache worker for Java compile cache (C:\Users\Dendi\AndroidStudioProjects\GithubUsers\.gradle\6.5\javaCompile)" [_thread_blocked, id=6800, stack(0x0000000021a40000,0x0000000021b40000)]
  0x000000002402c000 JavaThread "stdout" [_thread_in_native, id=7100, stack(0x0000000032130000,0x0000000032230000)]
  0x000000002402e000 JavaThread "stderr" [_thread_in_native, id=1964, stack(0x0000000032030000,0x0000000032130000)]
  0x000000002402c800 JavaThread "stdout" [_thread_in_native, id=8116, stack(0x0000000031f30000,0x0000000032030000)]
  0x0000000024024800 JavaThread "stderr" [_thread_in_native, id=5772, stack(0x0000000031e30000,0x0000000031f30000)]
  0x0000000024023800 JavaThread "stdout" [_thread_in_native, id=9032, stack(0x0000000031d30000,0x0000000031e30000)]
  0x0000000024029800 JavaThread "stderr" [_thread_in_native, id=5584, stack(0x0000000031c30000,0x0000000031d30000)]
  0x000000002402a800 JavaThread "stdout" [_thread_in_native, id=9640, stack(0x0000000031b30000,0x0000000031c30000)]
  0x0000000024022000 JavaThread "stderr" [_thread_in_native, id=6664, stack(0x0000000031a30000,0x0000000031b30000)]
  0x0000000024026800 JavaThread "pool-13-thread-1" [_thread_blocked, id=7256, stack(0x0000000031930000,0x0000000031a30000)]
  0x0000000024029000 JavaThread "WorkerExecutor Queue Thread 3" [_thread_blocked, id=8836, stack(0x0000000031730000,0x0000000031830000)]
  0x0000000024027800 JavaThread "Cache worker for execution history cache (C:\Users\Dendi\AndroidStudioProjects\GithubUsers\.gradle\6.5\executionHistory)" [_thread_blocked, id=1220, stack(0x0000000031430000,0x0000000031530000)]
  0x0000000024026000 JavaThread "Execution worker for ':' Thread 3" [_thread_blocked, id=9452, stack(0x0000000031130000,0x0000000031230000)]
  0x000000002bfc9800 JavaThread "Execution worker for ':' Thread 2" [_thread_blocked, id=6336, stack(0x0000000024790000,0x0000000024890000)]
  0x000000001e05d800 JavaThread "Execution worker for ':'" [_thread_in_native, id=4852, stack(0x0000000024690000,0x0000000024790000)]
  0x000000001e060800 JavaThread "Cache worker for file content cache (C:\Users\Dendi\AndroidStudioProjects\GithubUsers\.gradle\6.5\fileContent)" [_thread_blocked, id=6884, stack(0x0000000024590000,0x0000000024690000)]
  0x000000001e05c800 JavaThread "pool-12-thread-1" [_thread_blocked, id=5848, stack(0x0000000031030000,0x0000000031130000)]
  0x000000001e05e000 JavaThread "Cache worker for Build Output Cleanup Cache (C:\Users\Dendi\AndroidStudioProjects\GithubUsers\.gradle\buildOutputCleanup)" [_thread_blocked, id=1572, stack(0x0000000030f30000,0x0000000031030000)]
  0x000000002bfd3800 JavaThread "Build operations Thread 4" [_thread_blocked, id=7352, stack(0x0000000021440000,0x0000000021540000)]
  0x000000002bfd1000 JavaThread "Build operations Thread 3" [_thread_blocked, id=9364, stack(0x0000000021340000,0x0000000021440000)]
  0x000000002bfd5800 JavaThread "Build operations Thread 2" [_thread_blocked, id=1140, stack(0x0000000021240000,0x0000000021340000)]
  0x000000002bfd2800 JavaThread "Build operations" [_thread_blocked, id=2104, stack(0x00000000203a0000,0x00000000204a0000)]
  0x000000002bfd6800 JavaThread "Cache worker for cache directory md-rule (C:\Users\Dendi\.gradle\caches\6.5\md-rule)" [_thread_blocked, id=6068, stack(0x00000000202a0000,0x00000000203a0000)]
  0x000000002bfc9000 JavaThread "Cache worker for cache directory md-supplier (C:\Users\Dendi\.gradle\caches\6.5\md-supplier)" [_thread_blocked, id=7476, stack(0x00000000201a0000,0x00000000202a0000)]
  0x000000002bfcf000 JavaThread "Cache worker for checksums cache (C:\Users\Dendi\AndroidStudioProjects\GithubUsers\.gradle\checksums)" [_thread_blocked, id=8388, stack(0x000000001fea0000,0x000000001ffa0000)]
  0x000000002bfce000 JavaThread "Cache worker for file hash cache (C:\Users\Dendi\AndroidStudioProjects\GithubUsers\.gradle\6.5\fileHashes)" [_thread_blocked, id=756, stack(0x000000001c530000,0x000000001c630000)]
  0x000000002bfcd800 JavaThread "Thread-576" [_thread_blocked, id=940, stack(0x000000001c430000,0x000000001c530000)]
  0x000000002bfca800 JavaThread "Asynchronous log dispatcher for DefaultDaemonConnection: socket connection from /127.0.0.1:58436 to /127.0.0.1:58770" [_thread_blocked, id=1620, stack(0x000000001bf30000,0x000000001c030000)]
  0x000000002bfc5000 JavaThread "Daemon worker Thread 4" [_thread_blocked, id=9880, stack(0x000000001b8f0000,0x000000001b9f0000)]
  0x000000002bfc8000 JavaThread "Cancel handler" [_thread_blocked, id=2536, stack(0x000000001b7f0000,0x000000001b8f0000)]
  0x000000002bfc7800 JavaThread "Handler for socket connection from /127.0.0.1:58436 to /127.0.0.1:58770" [_thread_in_native, id=3176, stack(0x0000000001310000,0x0000000001410000)]
  0x000000002bfcb000 JavaThread "Daemon Thread 4" [_thread_blocked, id=5932, stack(0x0000000000fd0000,0x00000000010d0000)]
  0x000000001e0a7800 JavaThread "Cache worker for Java compile cache (C:\Users\Dendi\.gradle\caches\6.5\javaCompile)" [_thread_blocked, id=9092, stack(0x0000000021d40000,0x0000000021e40000)]
  0x000000001e0a6000 JavaThread "RMI Reaper" [_thread_blocked, id=4192, stack(0x0000000021940000,0x0000000021a40000)]
  0x000000001e0a5800 JavaThread "RMI TCP Accept-0" daemon [_thread_in_native, id=9596, stack(0x0000000021840000,0x0000000021940000)]
  0x000000001e0a4000 JavaThread "GC Daemon" daemon [_thread_blocked, id=9124, stack(0x0000000021740000,0x0000000021840000)]
  0x000000001e0a4800 JavaThread "RMI Scheduler(0)" daemon [_thread_blocked, id=8976, stack(0x000000001c230000,0x000000001c330000)]
  0x000000001f5d6800 JavaThread "Memory manager" [_thread_blocked, id=4872, stack(0x0000000029d90000,0x0000000029e90000)]
  0x000000001da5b800 JavaThread "Cache worker for file content cache (C:\Users\Dendi\.gradle\caches\6.5\fileContent)" [_thread_blocked, id=608, stack(0x00000000010f0000,0x00000000011f0000)]
  0x000000001da59000 JavaThread "Cache worker for execution history cache (C:\Users\Dendi\.gradle\caches\6.5\executionHistory)" [_thread_blocked, id=6468, stack(0x0000000020740000,0x0000000020840000)]
  0x000000001da5a800 JavaThread "Cache worker for file hash cache (C:\Users\Dendi\.gradle\caches\6.5\fileHashes)" [_thread_blocked, id=6764, stack(0x000000001f9a0000,0x000000001faa0000)]
  0x000000001da5e800 JavaThread "File lock request listener" [_thread_in_native, id=7888, stack(0x000000001f8a0000,0x000000001f9a0000)]
  0x000000001df51800 JavaThread "Cache worker for journal cache (C:\Users\Dendi\.gradle\caches\journal-1)" [_thread_blocked, id=10024, stack(0x000000001f7a0000,0x000000001f8a0000)]
  0x000000001964d000 JavaThread "Daemon periodic checks" [_thread_blocked, id=1588, stack(0x000000001bc30000,0x000000001bd30000)]
  0x000000001ac39000 JavaThread "Incoming local TCP Connector on port 58436" [_thread_in_native, id=4540, stack(0x000000001b9f0000,0x000000001baf0000)]
  0x000000001a47d800 JavaThread "Daemon health stats" [_thread_blocked, id=5392, stack(0x000000001b3b0000,0x000000001b4b0000)]
  0x000000001940a800 JavaThread "Service Thread" daemon [_thread_blocked, id=5364, stack(0x00000000197e0000,0x00000000198e0000)]
  0x0000000017aeb800 JavaThread "C1 CompilerThread2" daemon [_thread_blocked, id=9148, stack(0x00000000192e0000,0x00000000193e0000)]
=>0x0000000017a9d000 JavaThread "C2 CompilerThread1" daemon [_thread_in_native, id=9724, stack(0x00000000191e0000,0x00000000192e0000)]
  0x0000000017a93000 JavaThread "C2 CompilerThread0" daemon [_thread_blocked, id=1536, stack(0x00000000190e0000,0x00000000191e0000)]
  0x0000000017a9a800 JavaThread "Attach Listener" daemon [_thread_blocked, id=3328, stack(0x0000000018fe0000,0x00000000190e0000)]
  0x0000000017a97800 JavaThread "Signal Dispatcher" daemon [_thread_blocked, id=1052, stack(0x0000000018ee0000,0x0000000018fe0000)]
  0x0000000002e6c000 JavaThread "Finalizer" daemon [_thread_blocked, id=244, stack(0x0000000018ce0000,0x0000000018de0000)]
  0x0000000017a79000 JavaThread "Reference Handler" daemon [_thread_blocked, id=7268, stack(0x0000000018be0000,0x0000000018ce0000)]
  0x0000000002c6e000 JavaThread "main" [_thread_blocked, id=6412, stack(0x0000000002c70000,0x0000000002d70000)]

Other Threads:
  0x0000000017a56000 VMThread [stack: 0x0000000018ae0000,0x0000000018be0000] [id=8224]
  0x000000001940b000 WatcherThread [stack: 0x00000000198e0000,0x00000000199e0000] [id=8064]

VM state:not at safepoint (normal execution)

VM Mutex/Monitor currently owned by a thread: None

heap address: 0x0000000080000000, size: 2048 MB, Compressed Oops mode: 32-bit
Narrow klass base: 0x0000000000000000, Narrow klass shift: 3
Compressed class space size: 1073741824 Address: 0x0000000100000000

Heap:
 PSYoungGen      total 252928K, used 89365K [0x00000000d5580000, 0x00000000eba80000, 0x0000000100000000)
  eden space 180224K, 9% used [0x00000000d5580000,0x00000000d65c8a00,0x00000000e0580000)
  from space 72704K, 99% used [0x00000000e5800000,0x00000000e9efcd30,0x00000000e9f00000)
  to   space 84480K, 0% used [0x00000000e0580000,0x00000000e0580000,0x00000000e5800000)
 ParOldGen       total 168960K, used 100926K [0x0000000080000000, 0x000000008a500000, 0x00000000d5580000)
  object space 168960K, 59% used [0x0000000080000000,0x000000008628fb58,0x000000008a500000)
 Metaspace       used 168097K, capacity 175013K, committed 175320K, reserved 1202176K
  class space    used 21206K, capacity 22481K, committed 22528K, reserved 1048576K

Card table byte_map: [0x0000000012230000,0x0000000012640000] byte_map_base: 0x0000000011e30000

Marking Bits: (ParMarkBitMap*) 0x00000000634ef030
 Begin Bits: [0x0000000012cf0000, 0x0000000014cf0000)
 End Bits:   [0x0000000014cf0000, 0x0000000016cf0000)

Polling page: 0x0000000001240000

CodeCache: size=245760Kb used=85391Kb max_used=85405Kb free=160368Kb
 bounds [0x0000000002e70000, 0x0000000008250000, 0x0000000011e70000]
 total_blobs=26349 nmethods=25320 adapters=939
 compilation: enabled

Compilation events (10 events):
Event: 5022.974 Thread 0x0000000017aeb800 nmethod 32110 0x000000000823a150 code [0x000000000823a2a0, 0x000000000823a3b0]
Event: 5023.051 Thread 0x0000000017aeb800 32111       3       org.codehaus.groovy.ast.expr.ConstantExpression::getText (20 bytes)
Event: 5023.052 Thread 0x0000000017aeb800 nmethod 32111 0x0000000008241250 code [0x00000000082413c0, 0x0000000008241628]
Event: 5023.057 Thread 0x0000000017aeb800 32112       3       org.codehaus.groovy.ast.expr.MethodCallExpression::getMethodAsString (25 bytes)
Event: 5023.059 Thread 0x0000000017aeb800 nmethod 32112 0x00000000082416d0 code [0x0000000008241860, 0x0000000008241de8]
Event: 5023.111 Thread 0x0000000017a93000 nmethod 32097 0x0000000008246c10 code [0x0000000008246f00, 0x0000000008248f50]
Event: 5023.111 Thread 0x0000000017a93000 32101       4       java.lang.reflect.Method::hasGenericInformation (13 bytes)
Event: 5023.113 Thread 0x0000000017a93000 nmethod 32101 0x0000000004ded050 code [0x0000000004ded180, 0x0000000004ded1f8]
Event: 5023.113 Thread 0x0000000017a93000 32102       4       com.sun.beans.TypeResolver::erase (167 bytes)
Event: 5023.130 Thread 0x0000000017a93000 nmethod 32102 0x00000000082432d0 code [0x0000000008243480, 0x0000000008243830]

GC Heap History (10 events):
Event: 4929.295 GC heap before
{Heap before GC invocations=66 (full 5):
 PSYoungGen      total 216064K, used 198553K [0x00000000d5580000, 0x00000000e6200000, 0x0000000100000000)
  eden space 161792K, 100% used [0x00000000d5580000,0x00000000df380000,0x00000000df380000)
  from space 54272K, 67% used [0x00000000e2a80000,0x00000000e4e66418,0x00000000e5f80000)
  to   space 56320K, 0% used [0x00000000df380000,0x00000000df380000,0x00000000e2a80000)
 ParOldGen       total 100352K, used 73694K [0x0000000080000000, 0x0000000086200000, 0x00000000d5580000)
  object space 100352K, 73% used [0x0000000080000000,0x00000000847f7818,0x0000000086200000)
 Metaspace       used 135841K, capacity 142653K, committed 142936K, reserved 1173504K
  class space    used 17489K, capacity 18761K, committed 18816K, reserved 1048576K
Event: 4929.709 GC heap after
Heap after GC invocations=66 (full 5):
 PSYoungGen      total 218112K, used 56292K [0x00000000d5580000, 0x00000000e8b00000, 0x0000000100000000)
  eden space 161792K, 0% used [0x00000000d5580000,0x00000000d5580000,0x00000000df380000)
  from space 56320K, 99% used [0x00000000df380000,0x00000000e2a79208,0x00000000e2a80000)
  to   space 71680K, 0% used [0x00000000e4500000,0x00000000e4500000,0x00000000e8b00000)
 ParOldGen       total 100352K, used 90281K [0x0000000080000000, 0x0000000086200000, 0x00000000d5580000)
  object space 100352K, 89% used [0x0000000080000000,0x000000008582a448,0x0000000086200000)
 Metaspace       used 135841K, capacity 142653K, committed 142936K, reserved 1173504K
  class space    used 17489K, capacity 18761K, committed 18816K, reserved 1048576K
}
Event: 4929.710 GC heap before
{Heap before GC invocations=67 (full 6):
 PSYoungGen      total 218112K, used 56292K [0x00000000d5580000, 0x00000000e8b00000, 0x0000000100000000)
  eden space 161792K, 0% used [0x00000000d5580000,0x00000000d5580000,0x00000000df380000)
  from space 56320K, 99% used [0x00000000df380000,0x00000000e2a79208,0x00000000e2a80000)
  to   space 71680K, 0% used [0x00000000e4500000,0x00000000e4500000,0x00000000e8b00000)
 ParOldGen       total 100352K, used 90281K [0x0000000080000000, 0x0000000086200000, 0x00000000d5580000)
  object space 100352K, 89% used [0x0000000080000000,0x000000008582a448,0x0000000086200000)
 Metaspace       used 135841K, capacity 142653K, committed 142936K, reserved 1173504K
  class space    used 17489K, capacity 18761K, committed 18816K, reserved 1048576K
Event: 4935.260 GC heap after
Heap after GC invocations=67 (full 6):
 PSYoungGen      total 218112K, used 6785K [0x00000000d5580000, 0x00000000e8b00000, 0x0000000100000000)
  eden space 161792K, 0% used [0x00000000d5580000,0x00000000d5580000,0x00000000df380000)
  from space 56320K, 12% used [0x00000000df380000,0x00000000dfa20470,0x00000000e2a80000)
  to   space 71680K, 0% used [0x00000000e4500000,0x00000000e4500000,0x00000000e8b00000)
 ParOldGen       total 168960K, used 100225K [0x0000000080000000, 0x000000008a500000, 0x00000000d5580000)
  object space 168960K, 59% used [0x0000000080000000,0x00000000861e0658,0x000000008a500000)
 Metaspace       used 135422K, capacity 141601K, committed 142936K, reserved 1173504K
  class space    used 17339K, capacity 18495K, committed 18816K, reserved 1048576K
}
Event: 4962.309 GC heap before
{Heap before GC invocations=68 (full 6):
 PSYoungGen      total 218112K, used 168577K [0x00000000d5580000, 0x00000000e8b00000, 0x0000000100000000)
  eden space 161792K, 100% used [0x00000000d5580000,0x00000000df380000,0x00000000df380000)
  from space 56320K, 12% used [0x00000000df380000,0x00000000dfa20470,0x00000000e2a80000)
  to   space 71680K, 0% used [0x00000000e4500000,0x00000000e4500000,0x00000000e8b00000)
 ParOldGen       total 168960K, used 100225K [0x0000000080000000, 0x000000008a500000, 0x00000000d5580000)
  object space 168960K, 59% used [0x0000000080000000,0x00000000861e0658,0x000000008a500000)
 Metaspace       used 147456K, capacity 154113K, committed 154840K, reserved 1183744K
  class space    used 18761K, capacity 20009K, committed 20224K, reserved 1048576K
Event: 4962.952 GC heap after
Heap after GC invocations=68 (full 6):
 PSYoungGen      total 244224K, used 34200K [0x00000000d5580000, 0x00000000e8800000, 0x0000000100000000)
  eden space 175616K, 0% used [0x00000000d5580000,0x00000000d5580000,0x00000000e0100000)
  from space 68608K, 49% used [0x00000000e4500000,0x00000000e6666370,0x00000000e8800000)
  to   space 69120K, 0% used [0x00000000e0100000,0x00000000e0100000,0x00000000e4480000)
 ParOldGen       total 168960K, used 100337K [0x0000000080000000, 0x000000008a500000, 0x00000000d5580000)
  object space 168960K, 59% used [0x0000000080000000,0x00000000861fc658,0x000000008a500000)
 Metaspace       used 147456K, capacity 154113K, committed 154840K, reserved 1183744K
  class space    used 18761K, capacity 20009K, committed 20224K, reserved 1048576K
}
Event: 5004.858 GC heap before
{Heap before GC invocations=69 (full 6):
 PSYoungGen      total 244224K, used 209816K [0x00000000d5580000, 0x00000000e8800000, 0x0000000100000000)
  eden space 175616K, 100% used [0x00000000d5580000,0x00000000e0100000,0x00000000e0100000)
  from space 68608K, 49% used [0x00000000e4500000,0x00000000e6666370,0x00000000e8800000)
  to   space 69120K, 0% used [0x00000000e0100000,0x00000000e0100000,0x00000000e4480000)
 ParOldGen       total 168960K, used 100337K [0x0000000080000000, 0x000000008a500000, 0x00000000d5580000)
  object space 168960K, 59% used [0x0000000080000000,0x00000000861fc658,0x000000008a500000)
 Metaspace       used 159984K, capacity 166945K, committed 167256K, reserved 1196032K
  class space    used 20313K, capacity 21565K, committed 21632K, reserved 1048576K
Event: 5006.330 GC heap after
Heap after GC invocations=69 (full 6):
 PSYoungGen      total 244736K, used 49610K [0x00000000d5580000, 0x00000000e9f00000, 0x0000000100000000)
  eden space 175616K, 0% used [0x00000000d5580000,0x00000000d5580000,0x00000000e0100000)
  from space 69120K, 71% used [0x00000000e0100000,0x00000000e3172930,0x00000000e4480000)
  to   space 72704K, 0% used [0x00000000e5800000,0x00000000e5800000,0x00000000e9f00000)
 ParOldGen       total 168960K, used 100345K [0x0000000080000000, 0x000000008a500000, 0x00000000d5580000)
  object space 168960K, 59% used [0x0000000080000000,0x00000000861fe658,0x000000008a500000)
 Metaspace       used 159984K, capacity 166945K, committed 167256K, reserved 1196032K
  class space    used 20313K, capacity 21565K, committed 21632K, reserved 1048576K
}
Event: 5018.494 GC heap before
{Heap before GC invocations=70 (full 6):
 PSYoungGen      total 244736K, used 225226K [0x00000000d5580000, 0x00000000e9f00000, 0x0000000100000000)
  eden space 175616K, 100% used [0x00000000d5580000,0x00000000e0100000,0x00000000e0100000)
  from space 69120K, 71% used [0x00000000e0100000,0x00000000e3172930,0x00000000e4480000)
  to   space 72704K, 0% used [0x00000000e5800000,0x00000000e5800000,0x00000000e9f00000)
 ParOldGen       total 168960K, used 100345K [0x0000000080000000, 0x000000008a500000, 0x00000000d5580000)
  object space 168960K, 59% used [0x0000000080000000,0x00000000861fe658,0x000000008a500000)
 Metaspace       used 167102K, capacity 174009K, committed 174168K, reserved 1202176K
  class space    used 21109K, capacity 22382K, committed 22400K, reserved 1048576K
Event: 5019.614 GC heap after
Heap after GC invocations=70 (full 6):
 PSYoungGen      total 252928K, used 72691K [0x00000000d5580000, 0x00000000eba80000, 0x0000000100000000)
  eden space 180224K, 0% used [0x00000000d5580000,0x00000000d5580000,0x00000000e0580000)
  from space 72704K, 99% used [0x00000000e5800000,0x00000000e9efcd30,0x00000000e9f00000)
  to   space 84480K, 0% used [0x00000000e0580000,0x00000000e0580000,0x00000000e5800000)
 ParOldGen       total 168960K, used 100926K [0x0000000080000000, 0x000000008a500000, 0x00000000d5580000)
  object space 168960K, 59% used [0x0000000080000000,0x000000008628fb58,0x000000008a500000)
 Metaspace       used 167102K, capacity 174009K, committed 174168K, reserved 1202176K
  class space    used 21109K, capacity 22382K, committed 22400K, reserved 1048576K
}

Deoptimization events (10 events):
Event: 5016.477 Thread 0x000000001e05d800 Uncommon trap: reason=array_check action=maybe_recompile pc=0x0000000007b1a400 method=java.util.ComparableTimSort.mergeLo(IIII)V @ 465
Event: 5016.673 Thread 0x000000001e05d800 Uncommon trap: reason=unstable_if action=reinterpret pc=0x00000000059d3da8 method=java.lang.ClassLoader.checkCerts(Ljava/lang/String;Ljava/security/CodeSource;)V @ 29
Event: 5016.675 Thread 0x000000001e05d800 Uncommon trap: reason=unstable_if action=reinterpret pc=0x000000000421cb54 method=java.lang.ClassLoader.postDefineClass(Ljava/lang/Class;Ljava/security/ProtectionDomain;)V @ 4
Event: 5016.947 Thread 0x000000001e05d800 Uncommon trap: reason=unstable_if action=reinterpret pc=0x00000000069a1fec method=java.lang.ClassLoader.checkCerts(Ljava/lang/String;Ljava/security/CodeSource;)V @ 29
Event: 5017.016 Thread 0x000000001e05d800 Uncommon trap: reason=array_check action=maybe_recompile pc=0x0000000007b1a400 method=java.util.ComparableTimSort.mergeLo(IIII)V @ 465
Event: 5017.077 Thread 0x000000001e05d800 Uncommon trap: reason=unstable_if action=reinterpret pc=0x000000000432e5a0 method=java.lang.reflect.Modifier.toString(I)Ljava/lang/String; @ 123
Event: 5017.955 Thread 0x000000001e05d800 Uncommon trap: reason=bimorphic action=maybe_recompile pc=0x00000000041ba03c method=java.util.Hashtable.addEntry(ILjava/lang/Object;Ljava/lang/Object;I)V @ 38
Event: 5017.956 Thread 0x000000001e05d800 Uncommon trap: reason=bimorphic action=maybe_recompile pc=0x00000000041ba03c method=java.util.Hashtable.addEntry(ILjava/lang/Object;Ljava/lang/Object;I)V @ 38
Event: 5017.956 Thread 0x000000001e05d800 Uncommon trap: reason=bimorphic action=maybe_recompile pc=0x00000000041ba03c method=java.util.Hashtable.addEntry(ILjava/lang/Object;Ljava/lang/Object;I)V @ 38
Event: 5022.964 Thread 0x000000001e05d800 Uncommon trap: reason=unstable_if action=reinterpret pc=0x0000000003b78514 method=java.lang.Integer.parseInt(Ljava/lang/String;I)I @ 129

Classes redefined (0 events):
No events

Internal exceptions (10 events):
Event: 5022.572 Thread 0x000000001e05d800 Exception <a 'java/lang/ClassNotFoundException': org/codehaus/groovy/ast/stmt/StatementCustomizer> (0x00000000d6166f00) thrown at [C:\src\AOSP-openjdk-git\hotspot\src\share\vm\classfile\systemDictionary.cpp, line 210]
Event: 5022.598 Thread 0x000000001e05d800 Exception <a 'java/lang/ClassNotFoundException': org/codehaus/groovy/ast/stmt/BlockStatementCustomizer> (0x00000000d61b5df0) thrown at [C:\src\AOSP-openjdk-git\hotspot\src\share\vm\classfile\systemDictionary.cpp, line 210]
Event: 5022.672 Thread 0x000000001e05d800 Exception <a 'java/lang/ClassNotFoundException': java/util/LinkedListBeanInfo> (0x00000000d628b4d8) thrown at [C:\src\AOSP-openjdk-git\hotspot\src\share\vm\classfile\systemDictionary.cpp, line 210]
Event: 5022.678 Thread 0x000000001e05d800 Exception <a 'java/lang/ClassNotFoundException': java/util/AbstractSequentialListBeanInfo> (0x00000000d6298f50) thrown at [C:\src\AOSP-openjdk-git\hotspot\src\share\vm\classfile\systemDictionary.cpp, line 210]
Event: 5022.691 Thread 0x000000001e05d800 Exception <a 'java/lang/ClassNotFoundException': java/util/AbstractSequentialListCustomizer> (0x00000000d62a6988) thrown at [C:\src\AOSP-openjdk-git\hotspot\src\share\vm\classfile\systemDictionary.cpp, line 210]
Event: 5022.696 Thread 0x000000001e05d800 Exception <a 'java/lang/ClassNotFoundException': java/util/LinkedListCustomizer> (0x00000000d62bd370) thrown at [C:\src\AOSP-openjdk-git\hotspot\src\share\vm\classfile\systemDictionary.cpp, line 210]
Event: 5022.769 Thread 0x000000001e05d800 Exception <a 'java/lang/ClassNotFoundException': org/codehaus/groovy/ast/ClassNodeBeanInfo> (0x00000000d6373ba0) thrown at [C:\src\AOSP-openjdk-git\hotspot\src\share\vm\classfile\systemDictionary.cpp, line 210]
Event: 5022.776 Thread 0x000000001e05d800 Exception <a 'java/lang/ClassNotFoundException': org/codehaus/groovy/ast/AnnotatedNodeBeanInfo> (0x00000000d63b4ea8) thrown at [C:\src\AOSP-openjdk-git\hotspot\src\share\vm\classfile\systemDictionary.cpp, line 210]
Event: 5022.791 Thread 0x000000001e05d800 Exception <a 'java/lang/ClassNotFoundException': org/codehaus/groovy/ast/AnnotatedNodeCustomizer> (0x00000000d63f7140) thrown at [C:\src\AOSP-openjdk-git\hotspot\src\share\vm\classfile\systemDictionary.cpp, line 210]
Event: 5022.810 Thread 0x000000001e05d800 Exception <a 'java/lang/ClassNotFoundException': org/codehaus/groovy/ast/ClassNodeCustomizer> (0x00000000d64469e8) thrown at [C:\src\AOSP-openjdk-git\hotspot\src\share\vm\classfile\systemDictionary.cpp, line 210]

Events (10 events):
Event: 5022.994 loading class com/android/tools/lint/checks/GradleDetector$checkDslPropertyAssignment$1
Event: 5022.994 loading class com/android/tools/lint/checks/GradleDetector$checkDslPropertyAssignment$1 done
Event: 5023.023 loading class com/android/tools/lint/checks/GradleDetector$Companion$CompileConfiguration
Event: 5023.023 loading class com/android/tools/lint/checks/GradleDetector$Companion$CompileConfiguration done
Event: 5023.030 loading class com/android/utils/StringHelper
Event: 5023.030 loading class com/android/utils/StringHelper done
Event: 5023.039 loading class com/android/tools/lint/checks/GradleDetector$DeprecatedConfiguration
Event: 5023.039 loading class com/android/tools/lint/checks/GradleDetector$DeprecatedConfiguration done
Event: 5023.064 loading class com/android/tools/lint/client/api/OtherFileVisitor
Event: 5023.064 loading class com/android/tools/lint/client/api/OtherFileVisitor done


Dynamic libraries:
0x00007ff7ac910000 - 0x00007ff7ac941000 	C:\Program Files\Android\Android Studio\jre\bin\java.exe
0x00007ffc97700000 - 0x00007ffc978f0000 	C:\WINDOWS\SYSTEM32\ntdll.dll
0x00007ffc96990000 - 0x00007ffc96a42000 	C:\WINDOWS\System32\KERNEL32.DLL
0x00007ffc95450000 - 0x00007ffc956f5000 	C:\WINDOWS\System32\KERNELBASE.dll
0x00007ffc96550000 - 0x00007ffc965f3000 	C:\WINDOWS\System32\ADVAPI32.dll
0x00007ffc96ed0000 - 0x00007ffc96f6e000 	C:\WINDOWS\System32\msvcrt.dll
0x00007ffc959c0000 - 0x00007ffc95a57000 	C:\WINDOWS\System32\sechost.dll
0x00007ffc96f70000 - 0x00007ffc9708f000 	C:\WINDOWS\System32\RPCRT4.dll
0x00007ffc96610000 - 0x00007ffc967a4000 	C:\WINDOWS\System32\USER32.dll
0x00007ffc94f20000 - 0x00007ffc94f41000 	C:\WINDOWS\System32\win32u.dll
0x00007ffc96520000 - 0x00007ffc96546000 	C:\WINDOWS\System32\GDI32.dll
0x00007ffc95160000 - 0x00007ffc952f8000 	C:\WINDOWS\System32\gdi32full.dll
0x00007ffc94e80000 - 0x00007ffc94f1e000 	C:\WINDOWS\System32\msvcp_win.dll
0x00007ffc95300000 - 0x00007ffc953fa000 	C:\WINDOWS\System32\ucrtbase.dll
0x00007ffc82cb0000 - 0x00007ffc82f34000 	C:\WINDOWS\WinSxS\amd64_microsoft.windows.common-controls_6595b64144ccf1df_6.0.18362.1440_none_9e7dbfb9e45e8e67\COMCTL32.dll
0x00007ffc97380000 - 0x00007ffc976b6000 	C:\WINDOWS\System32\combase.dll
0x00007ffc95700000 - 0x00007ffc95781000 	C:\WINDOWS\System32\bcryptPrimitives.dll
0x00007ffc96810000 - 0x00007ffc9683e000 	C:\WINDOWS\System32\IMM32.DLL
0x00000000636d0000 - 0x00000000637a2000 	C:\Program Files\Android\Android Studio\jre\jre\bin\msvcr100.dll
0x0000000062d20000 - 0x000000006356b000 	C:\Program Files\Android\Android Studio\jre\jre\bin\server\jvm.dll
0x00007ffc96ec0000 - 0x00007ffc96ec8000 	C:\WINDOWS\System32\PSAPI.DLL
0x00007ffc8c440000 - 0x00007ffc8c44a000 	C:\WINDOWS\SYSTEM32\VERSION.dll
0x00007ffc924f0000 - 0x00007ffc92514000 	C:\WINDOWS\SYSTEM32\WINMM.dll
0x00007ffc84b30000 - 0x00007ffc84b39000 	C:\WINDOWS\SYSTEM32\WSOCK32.dll
0x00007ffc96920000 - 0x00007ffc9698f000 	C:\WINDOWS\System32\WS2_32.dll
0x00007ffc92070000 - 0x00007ffc9209d000 	C:\WINDOWS\SYSTEM32\winmmbase.dll
0x00007ffc95400000 - 0x00007ffc9544a000 	C:\WINDOWS\System32\cfgmgr32.dll
0x00007ffc8fd00000 - 0x00007ffc8fd0f000 	C:\Program Files\Android\Android Studio\jre\jre\bin\verify.dll
0x00007ffc88340000 - 0x00007ffc88369000 	C:\Program Files\Android\Android Studio\jre\jre\bin\java.dll
0x00007ffc8fce0000 - 0x00007ffc8fcf6000 	C:\Program Files\Android\Android Studio\jre\jre\bin\zip.dll
0x00007ffc95b50000 - 0x00007ffc96238000 	C:\WINDOWS\System32\SHELL32.dll
0x00007ffc96310000 - 0x00007ffc963b7000 	C:\WINDOWS\System32\shcore.dll
0x00007ffc94700000 - 0x00007ffc94e7b000 	C:\WINDOWS\System32\windows.storage.dll
0x00007ffc94630000 - 0x00007ffc9464e000 	C:\WINDOWS\System32\profapi.dll
0x00007ffc945e0000 - 0x00007ffc9462a000 	C:\WINDOWS\System32\powrprof.dll
0x00007ffc945b0000 - 0x00007ffc945c0000 	C:\WINDOWS\System32\UMPDC.dll
0x00007ffc967b0000 - 0x00007ffc96802000 	C:\WINDOWS\System32\shlwapi.dll
0x00007ffc945c0000 - 0x00007ffc945d1000 	C:\WINDOWS\System32\kernel.appcore.dll
0x00007ffc95790000 - 0x00007ffc957a7000 	C:\WINDOWS\System32\cryptsp.dll
0x00007ffc83380000 - 0x00007ffc8339a000 	C:\Program Files\Android\Android Studio\jre\jre\bin\net.dll
0x00007ffc93d90000 - 0x00007ffc93df7000 	C:\WINDOWS\system32\mswsock.dll
0x00007ffc83360000 - 0x00007ffc83373000 	C:\Program Files\Android\Android Studio\jre\jre\bin\nio.dll
0x00007ffc7c920000 - 0x00007ffc7c947000 	C:\Users\Dendi\.gradle\native\f6784746aeab05261644944871eae4fe03e0ef1612fff0a4a95f87b438bc6780\windows-amd64\native-platform.dll
0x00007ffc88fe0000 - 0x00007ffc88fed000 	C:\Program Files\Android\Android Studio\jre\jre\bin\management.dll
0x00007ffc93910000 - 0x00007ffc93943000 	C:\WINDOWS\system32\rsaenh.dll
0x00007ffc94670000 - 0x00007ffc94696000 	C:\WINDOWS\System32\bcrypt.dll
0x00007ffc94490000 - 0x00007ffc944b5000 	C:\WINDOWS\SYSTEM32\USERENV.dll
0x00007ffc93fc0000 - 0x00007ffc93fcc000 	C:\WINDOWS\SYSTEM32\CRYPTBASE.dll
0x00007ffc93aa0000 - 0x00007ffc93ada000 	C:\WINDOWS\SYSTEM32\IPHLPAPI.DLL
0x00007ffc97090000 - 0x00007ffc97098000 	C:\WINDOWS\System32\NSI.dll
0x00007ffc8c3a0000 - 0x00007ffc8c3b6000 	C:\WINDOWS\SYSTEM32\dhcpcsvc6.DLL
0x00007ffc8c740000 - 0x00007ffc8c75c000 	C:\WINDOWS\SYSTEM32\dhcpcsvc.DLL
0x00007ffc93ae0000 - 0x00007ffc93bab000 	C:\WINDOWS\SYSTEM32\DNSAPI.dll
0x00007ffc8cd90000 - 0x00007ffc8cd9b000 	C:\WINDOWS\SYSTEM32\WINNSI.DLL
0x00007ffc8dad0000 - 0x00007ffc8daee000 	C:\Users\Dendi\AppData\Local\Temp\native-platform3097073492277714147dir\native-platform.dll
0x00007ffc65f60000 - 0x00007ffc660fc000 	C:\Program Files\Android\Android Studio\jre\jre\bin\awt.dll
0x00007ffc96240000 - 0x00007ffc96305000 	C:\WINDOWS\System32\OLEAUT32.dll
0x00007ffc92ef0000 - 0x00007ffc92f1d000 	C:\WINDOWS\SYSTEM32\dwmapi.dll
0x00007ffc91210000 - 0x00007ffc917d0000 	C:\WINDOWS\SYSTEM32\d2d1.dll
0x00007ffc927b0000 - 0x00007ffc9283f000 	C:\WINDOWS\SYSTEM32\apphelp.dll

VM Arguments:
jvm_args: -Xmx2048m -Dfile.encoding=UTF-8 -Duser.country=US -Duser.language=en -Duser.variant 
java_command: org.gradle.launcher.daemon.bootstrap.GradleDaemon 6.5
java_class_path (initial): C:\Users\Dendi\.gradle\wrapper\dists\gradle-6.5-bin\6nifqtx7604sqp1q6g8wikw7p\gradle-6.5\lib\gradle-launcher-6.5.jar
Launcher Type: SUN_STANDARD

Environment Variables:
JAVA_HOME=C:\Program Files\Zulu\zulu-15
PATH=C:\Program Files\Zulu\zulu-15\bin;C:\WINDOWS\system32;C:\WINDOWS;C:\WINDOWS\System32\Wbem;C:\WINDOWS\System32\WindowsPowerShell\v1.0\;C:\WINDOWS\System32\OpenSSH\;C:\Program Files\Git\cmd;C:\Program Files\nodejs\;C:\xampp\php;C:\ProgramData\ComposerSetup\bin;C:\Program Files\PostgreSQL\13\bin;C:\Users\Dendi\AppData\Local\Microsoft\WindowsApps;C:\Users\Dendi\AppData\Local\Programs\Microsoft VS Code\bin;C:\Users\Dendi\AppData\Roaming\npm;C:\Users\Dendi\AppData\Roaming\Composer\vendor\bin;C:\msys64\mingw64\bin;
USERNAME=Dendi
OS=Windows_NT
PROCESSOR_IDENTIFIER=AMD64 Family 22 Model 48 Stepping 1, AuthenticAMD



---------------  S Y S T E M  ---------------

OS: Windows 10.0 , 64 bit Build 18362 (10.0.18362.1350)

CPU:total 4 (initial active 4) (4 cores per cpu, 1 threads per core) family 22 model 48 stepping 1, cmov, cx8, fxsr, mmx, sse, sse2, sse3, ssse3, sse4.1, sse4.2, popcnt, avx, aes, clmul, mmxext, 3dnowpref, lzcnt, sse4a, tsc, tscinvbit, tscinv, bmi1

Memory: 4k page, physical 2559860k(169156k free), swap 7540596k(5572k free)

vm_info: OpenJDK 64-Bit Server VM (25.242-b01) for windows-amd64 JRE (1.8.0_242-release-1644-b01), built by "builder" with MS VC++ 10.0 (VS2010)

time: Wed Mar 31 16:11:01 2021
timezone: SE Asia Standard Time
elapsed time: 5023 seconds (0d 1h 23m 43s)

