#
# There is insufficient memory for the Java Runtime Environment to continue.
# Native memory allocation (malloc) failed to allocate 320000 bytes for Chunk::new
# Possible reasons:
#   The system is out of physical RAM or swap space
#   The process is running with CompressedOops enabled, and the Java Heap may be blocking the growth of the native heap
# Possible solutions:
#   Reduce memory load on the system
#   Increase physical memory or swap space
#   Check if swap backing store is full
#   Decrease Java heap size (-Xmx/-Xms)
#   Decrease number of Java threads
#   Decrease Java thread stack sizes (-Xss)
#   Set larger code cache with -XX:ReservedCodeCacheSize=
#   JVM is running with Unscaled Compressed Oops mode in which the Java heap is
#     placed in the first 4GB address space. The Java Heap base address is the
#     maximum limit for the native heap growth. Please use -XX:HeapBaseMinAddress
#     to set the Java Heap base and to place the Java Heap above 4GB virtual address.
# This output file may be truncated or incomplete.
#
#  Out of Memory Error (allocation.cpp:389), pid=7400, tid=0x0000000000000904
#
# JRE version: OpenJDK Runtime Environment (8.0_242-b01) (build 1.8.0_242-release-1644-b01)
# Java VM: OpenJDK 64-Bit Server VM (25.242-b01 mixed mode windows-amd64 compressed oops)
# Failed to write core dump. Minidumps are not enabled by default on client versions of Windows
#

---------------  T H R E A D  ---------------

Current thread (0x0000000017c8c800):  JavaThread "C2 CompilerThread1" daemon [_thread_in_native, id=2308, stack(0x00000000193d0000,0x00000000194d0000)]

Stack: [0x00000000193d0000,0x00000000194d0000]
[error occurred during error reporting (printing stack bounds), id 0xc0000005]

Native frames: (J=compiled Java code, j=interpreted, Vv=VM code, C=native code)


Current CompileTask:
C2:6152425 23594 %     4       com.android.tools.r8.ir.regalloc.a::b @ 623 (1365 bytes)


---------------  P R O C E S S  ---------------

Java Threads: ( => current thread )
  0x000000002a545800 JavaThread "Cache worker for Java compile cache (C:\Users\Dendi\AndroidStudioProjects\GithubUsers\.gradle\6.5\javaCompile)" [_thread_blocked, id=10076, stack(0x0000000021a90000,0x0000000021b90000)]
  0x000000002a54a000 JavaThread "Cache worker for Java compile cache (C:\Users\Dendi\.gradle\caches\6.5\javaCompile)" [_thread_blocked, id=9868, stack(0x0000000021990000,0x0000000021a90000)]
  0x000000002a546800 JavaThread "RMI Reaper" [_thread_blocked, id=6656, stack(0x0000000021590000,0x0000000021690000)]
  0x000000002a548800 JavaThread "RMI TCP Accept-0" daemon [_thread_in_native, id=9224, stack(0x0000000021390000,0x0000000021490000)]
  0x000000002a54b000 JavaThread "GC Daemon" daemon [_thread_blocked, id=8656, stack(0x0000000021190000,0x0000000021290000)]
  0x000000002a548000 JavaThread "RMI RenewClean-[127.0.0.1:17738,org.jetbrains.kotlin.daemon.common.LoopbackNetworkInterface$ClientLoopbackSocketFactory@1b38c6ee]" daemon [_thread_blocked, id=6632, stack(0x0000000021090000,0x0000000021190000)]
  0x000000001f562800 JavaThread "RMI Scheduler(0)" daemon [_thread_blocked, id=4856, stack(0x000000001c420000,0x000000001c520000)]
  0x000000001f567000 JavaThread "WorkerExecutor Queue Thread 5" [_thread_blocked, id=8888, stack(0x000000002ff10000,0x0000000030010000)]
  0x000000001f565000 JavaThread "stdout" [_thread_in_native, id=5052, stack(0x0000000030910000,0x0000000030a10000)]
  0x000000001f564000 JavaThread "stderr" [_thread_in_native, id=9808, stack(0x0000000030810000,0x0000000030910000)]
  0x000000001f563800 JavaThread "stdout" [_thread_in_native, id=8052, stack(0x0000000030710000,0x0000000030810000)]
  0x000000001f569800 JavaThread "stderr" [_thread_in_native, id=9404, stack(0x0000000030610000,0x0000000030710000)]
  0x000000001f565800 JavaThread "stdout" [_thread_in_native, id=5736, stack(0x0000000030510000,0x0000000030610000)]
  0x000000001f568800 JavaThread "stderr" [_thread_in_native, id=1956, stack(0x0000000030410000,0x0000000030510000)]
  0x000000001f568000 JavaThread "stdout" [_thread_in_native, id=4344, stack(0x0000000030310000,0x0000000030410000)]
  0x000000001f55d800 JavaThread "stderr" [_thread_in_native, id=9908, stack(0x0000000030210000,0x0000000030310000)]
  0x000000001f55c800 JavaThread "pool-8-thread-1" [_thread_blocked, id=6868, stack(0x0000000030110000,0x0000000030210000)]
  0x000000001f55c000 JavaThread "WorkerExecutor Queue Thread 4" [_thread_blocked, id=7064, stack(0x0000000030010000,0x0000000030110000)]
  0x000000001f562000 JavaThread "WorkerExecutor Queue Thread 2" [_thread_blocked, id=5164, stack(0x000000002fe10000,0x000000002ff10000)]
  0x000000001f55f800 JavaThread "WorkerExecutor Queue" [_thread_blocked, id=5708, stack(0x000000002f910000,0x000000002fa10000)]
  0x000000001f561000 JavaThread "Cache worker for execution history cache (C:\Users\Dendi\AndroidStudioProjects\GithubUsers\.gradle\6.5\executionHistory)" [_thread_blocked, id=5680, stack(0x000000002e760000,0x000000002e860000)]
  0x000000001f55a800 JavaThread "Execution worker for ':' Thread 3" [_thread_blocked, id=3028, stack(0x000000002e460000,0x000000002e560000)]
  0x000000001f55f000 JavaThread "Execution worker for ':' Thread 2" [_thread_blocked, id=6076, stack(0x000000002e360000,0x000000002e460000)]
  0x000000001f55b000 JavaThread "Execution worker for ':'" [_thread_blocked, id=9376, stack(0x000000002e260000,0x000000002e360000)]
  0x000000001f55e000 JavaThread "Cache worker for file content cache (C:\Users\Dendi\AndroidStudioProjects\GithubUsers\.gradle\6.5\fileContent)" [_thread_blocked, id=5880, stack(0x000000002e160000,0x000000002e260000)]
  0x000000001b302000 JavaThread "pool-7-thread-1" [_thread_blocked, id=9164, stack(0x000000002dc60000,0x000000002dd60000)]
  0x000000001b300000 JavaThread "Cache worker for Build Output Cleanup Cache (C:\Users\Dendi\AndroidStudioProjects\GithubUsers\.gradle\buildOutputCleanup)" [_thread_in_native, id=900, stack(0x000000002d960000,0x000000002da60000)]
  0x000000001a789000 JavaThread "Build operations Thread 4" [_thread_in_Java, id=8624, stack(0x0000000020d90000,0x0000000020e90000)]
  0x000000001a78c000 JavaThread "Build operations Thread 3" [_thread_in_native, id=7720, stack(0x0000000020c90000,0x0000000020d90000)]
  0x000000001a781000 JavaThread "Build operations Thread 2" [_thread_in_Java, id=1888, stack(0x0000000020b90000,0x0000000020c90000)]
  0x000000001a781800 JavaThread "Build operations" [_thread_blocked, id=5560, stack(0x0000000020a90000,0x0000000020b90000)]
  0x000000001a787800 JavaThread "Cache worker for cache directory md-rule (C:\Users\Dendi\.gradle\caches\6.5\md-rule)" [_thread_blocked, id=10092, stack(0x0000000020990000,0x0000000020a90000)]
  0x000000001a780000 JavaThread "Cache worker for cache directory md-supplier (C:\Users\Dendi\.gradle\caches\6.5\md-supplier)" [_thread_blocked, id=6004, stack(0x0000000020090000,0x0000000020190000)]
  0x000000001a786000 JavaThread "Cache worker for checksums cache (C:\Users\Dendi\AndroidStudioProjects\GithubUsers\.gradle\checksums)" [_thread_blocked, id=6876, stack(0x000000001c720000,0x000000001c820000)]
  0x000000001a785800 JavaThread "Cache worker for file hash cache (C:\Users\Dendi\AndroidStudioProjects\GithubUsers\.gradle\6.5\fileHashes)" [_thread_blocked, id=9960, stack(0x000000001c620000,0x000000001c720000)]
  0x000000001a783000 JavaThread "Thread-418" [_thread_blocked, id=6616, stack(0x000000001c520000,0x000000001c620000)]
  0x000000001a782800 JavaThread "Asynchronous log dispatcher for DefaultDaemonConnection: socket connection from /127.0.0.1:49847 to /127.0.0.1:50279" [_thread_blocked, id=9360, stack(0x000000001c320000,0x000000001c420000)]
  0x000000001a784800 JavaThread "Cancel handler" [_thread_blocked, id=7732, stack(0x000000001bf20000,0x000000001c020000)]
  0x000000001a784000 JavaThread "Handler for socket connection from /127.0.0.1:49847 to /127.0.0.1:50279" [_thread_in_native, id=2260, stack(0x000000001bae0000,0x000000001bbe0000)]
  0x000000001f635000 JavaThread "Daemon worker Thread 3" [_thread_blocked, id=1604, stack(0x000000001c220000,0x000000001c320000)]
  0x000000001f633800 JavaThread "Daemon Thread 3" [_thread_blocked, id=1192, stack(0x000000001b9e0000,0x000000001bae0000)]
  0x000000001f9bc800 JavaThread "Memory manager" [_thread_blocked, id=9804, stack(0x0000000001510000,0x0000000001610000)]
  0x000000001a53b000 JavaThread "Cache worker for file content cache (C:\Users\Dendi\.gradle\caches\6.5\fileContent)" [_thread_blocked, id=3016, stack(0x0000000022290000,0x0000000022390000)]
  0x000000001a53b800 JavaThread "Cache worker for execution history cache (C:\Users\Dendi\.gradle\caches\6.5\executionHistory)" [_thread_blocked, id=6148, stack(0x0000000021d90000,0x0000000021e90000)]
  0x000000001b303800 JavaThread "Cache worker for file hash cache (C:\Users\Dendi\.gradle\caches\6.5\fileHashes)" [_thread_blocked, id=9044, stack(0x000000001ebc0000,0x000000001ecc0000)]
  0x000000001b2ff000 JavaThread "File lock request listener" [_thread_in_native, id=5628, stack(0x000000001daf0000,0x000000001dbf0000)]
  0x000000001aebb000 JavaThread "Cache worker for journal cache (C:\Users\Dendi\.gradle\caches\journal-1)" [_thread_blocked, id=7512, stack(0x000000001ca20000,0x000000001cb20000)]
  0x000000001ae28000 JavaThread "Daemon periodic checks" [_thread_blocked, id=7736, stack(0x000000001be20000,0x000000001bf20000)]
  0x000000001adcc000 JavaThread "Incoming local TCP Connector on port 49847" [_thread_in_native, id=7900, stack(0x000000001bbe0000,0x000000001bce0000)]
  0x000000001a66d000 JavaThread "Daemon health stats" [_thread_blocked, id=3268, stack(0x000000001b5a0000,0x000000001b6a0000)]
  0x0000000019600800 JavaThread "Service Thread" daemon [_thread_blocked, id=3056, stack(0x00000000199d0000,0x0000000019ad0000)]
  0x0000000017c94000 JavaThread "C1 CompilerThread2" daemon [_thread_blocked, id=1264, stack(0x00000000194d0000,0x00000000195d0000)]
=>0x0000000017c8c800 JavaThread "C2 CompilerThread1" daemon [_thread_in_native, id=2308, stack(0x00000000193d0000,0x00000000194d0000)]
  0x0000000017c82800 JavaThread "C2 CompilerThread0" daemon [_thread_in_native, id=2764, stack(0x00000000192d0000,0x00000000193d0000)]
  0x0000000017c80000 JavaThread "Attach Listener" daemon [_thread_blocked, id=6084, stack(0x00000000191d0000,0x00000000192d0000)]
  0x0000000017c84800 JavaThread "Signal Dispatcher" daemon [_thread_blocked, id=1796, stack(0x00000000190d0000,0x00000000191d0000)]
  0x000000000305b000 JavaThread "Finalizer" daemon [_thread_blocked, id=8992, stack(0x0000000018ed0000,0x0000000018fd0000)]
  0x0000000017c69000 JavaThread "Reference Handler" daemon [_thread_blocked, id=8292, stack(0x0000000018dd0000,0x0000000018ed0000)]
  0x0000000002e2d800 JavaThread "main" [_thread_blocked, id=7472, stack(0x0000000002e30000,0x0000000002f30000)]

Other Threads:
  0x0000000017c46000 VMThread [stack: 0x0000000018cd0000,0x0000000018dd0000] [id=8216]
  0x0000000017cb8000 WatcherThread [stack: 0x0000000019ad0000,0x0000000019bd0000] [id=656]

VM state:not at safepoint (normal execution)

VM Mutex/Monitor currently owned by a thread: None

heap address: 0x0000000080000000, size: 2048 MB, Compressed Oops mode: 32-bit
Narrow klass base: 0x0000000000000000, Narrow klass shift: 3
Compressed class space size: 1073741824 Address: 0x0000000100000000

Heap:
 PSYoungGen      total 371712K, used 36592K [0x00000000d5580000, 0x00000000eed00000, 0x0000000100000000)
  eden space 327680K, 6% used [0x00000000d5580000,0x00000000d691f098,0x00000000e9580000)
  from space 44032K, 37% used [0x00000000ebe80000,0x00000000ece9d208,0x00000000ee980000)
  to   space 41984K, 0% used [0x00000000e9580000,0x00000000e9580000,0x00000000ebe80000)
 ParOldGen       total 111104K, used 63966K [0x0000000080000000, 0x0000000086c80000, 0x00000000d5580000)
  object space 111104K, 57% used [0x0000000080000000,0x0000000083e778f8,0x0000000086c80000)
 Metaspace       used 121360K, capacity 127580K, committed 127848K, reserved 1161216K
  class space    used 15765K, capacity 16917K, committed 17040K, reserved 1048576K

Card table byte_map: [0x0000000012420000,0x0000000012830000] byte_map_base: 0x0000000012020000

Marking Bits: (ParMarkBitMap*) 0x00000000608cf030
 Begin Bits: [0x0000000012ee0000, 0x0000000014ee0000)
 End Bits:   [0x0000000014ee0000, 0x0000000016ee0000)

Polling page: 0x0000000000df0000

CodeCache: size=245760Kb used=63122Kb max_used=64161Kb free=182637Kb
 bounds [0x0000000003060000, 0x0000000006fa0000, 0x0000000012060000]
 total_blobs=19804 nmethods=18824 adapters=890
 compilation: enabled

Compilation events (10 events):
Event: 6151.897 Thread 0x0000000017c94000 23676       2       com.android.tools.r8.utils.s0::a (119 bytes)
Event: 6151.899 Thread 0x0000000017c94000 nmethod 23676 0x0000000005540690 code [0x0000000005540800, 0x0000000005540c08]
Event: 6151.900 Thread 0x0000000017c94000 23677       1       com.android.tools.r8.code.e2::o (3 bytes)
Event: 6151.901 Thread 0x0000000017c94000 nmethod 23677 0x000000000667f710 code [0x000000000667f860, 0x000000000667f970]
Event: 6151.949 Thread 0x0000000017c94000 23678       2       com.android.tools.r8.q.a.a.b.T0::listIterator (41 bytes)
Event: 6151.950 Thread 0x0000000017c94000 nmethod 23678 0x00000000043afdd0 code [0x00000000043aff60, 0x00000000043b0298]
Event: 6152.026 Thread 0x0000000017c94000 23680       2       com.android.tools.r8.ir.conversion.o$$Lambda$1444/1779608834::apply (8 bytes)
Event: 6152.027 Thread 0x0000000017c94000 nmethod 23680 0x00000000065b48d0 code [0x00000000065b4a20, 0x00000000065b4bd0]
Event: 6152.038 Thread 0x0000000017c94000 23681       2       com.android.tools.r8.graph.C::b (68 bytes)
Event: 6152.041 Thread 0x0000000017c94000 nmethod 23681 0x00000000035375d0 code [0x0000000003537780, 0x0000000003537b78]

GC Heap History (10 events):
Event: 5960.878 GC heap before
{Heap before GC invocations=29 (full 4):
 PSYoungGen      total 320000K, used 202736K [0x00000000d5580000, 0x00000000eb400000, 0x0000000100000000)
  eden space 289280K, 62% used [0x00000000d5580000,0x00000000e0617350,0x00000000e7000000)
  from space 30720K, 71% used [0x00000000e8f80000,0x00000000ea4e4db8,0x00000000ead80000)
  to   space 32256K, 0% used [0x00000000e7000000,0x00000000e7000000,0x00000000e8f80000)
 ParOldGen       total 111104K, used 64345K [0x0000000080000000, 0x0000000086c80000, 0x00000000d5580000)
  object space 111104K, 57% used [0x0000000080000000,0x0000000083ed6690,0x0000000086c80000)
 Metaspace       used 106397K, capacity 111650K, committed 111976K, reserved 1146880K
  class space    used 13820K, capacity 14873K, committed 14992K, reserved 1048576K
Event: 5962.833 GC heap after
Heap after GC invocations=29 (full 4):
 PSYoungGen      total 321536K, used 29731K [0x00000000d5580000, 0x00000000ebc00000, 0x0000000100000000)
  eden space 289280K, 0% used [0x00000000d5580000,0x00000000d5580000,0x00000000e7000000)
  from space 32256K, 92% used [0x00000000e7000000,0x00000000e8d08eb0,0x00000000e8f80000)
  to   space 36352K, 0% used [0x00000000e9880000,0x00000000e9880000,0x00000000ebc00000)
 ParOldGen       total 111104K, used 64353K [0x0000000080000000, 0x0000000086c80000, 0x00000000d5580000)
  object space 111104K, 57% used [0x0000000080000000,0x0000000083ed8690,0x0000000086c80000)
 Metaspace       used 106397K, capacity 111650K, committed 111976K, reserved 1146880K
  class space    used 13820K, capacity 14873K, committed 14992K, reserved 1048576K
}
Event: 5962.835 GC heap before
{Heap before GC invocations=30 (full 5):
 PSYoungGen      total 321536K, used 29731K [0x00000000d5580000, 0x00000000ebc00000, 0x0000000100000000)
  eden space 289280K, 0% used [0x00000000d5580000,0x00000000d5580000,0x00000000e7000000)
  from space 32256K, 92% used [0x00000000e7000000,0x00000000e8d08eb0,0x00000000e8f80000)
  to   space 36352K, 0% used [0x00000000e9880000,0x00000000e9880000,0x00000000ebc00000)
 ParOldGen       total 111104K, used 64353K [0x0000000080000000, 0x0000000086c80000, 0x00000000d5580000)
  object space 111104K, 57% used [0x0000000080000000,0x0000000083ed8690,0x0000000086c80000)
 Metaspace       used 106397K, capacity 111650K, committed 111976K, reserved 1146880K
  class space    used 13820K, capacity 14873K, committed 14992K, reserved 1048576K
Event: 5973.408 GC heap after
Heap after GC invocations=30 (full 5):
 PSYoungGen      total 321536K, used 0K [0x00000000d5580000, 0x00000000ebc00000, 0x0000000100000000)
  eden space 289280K, 0% used [0x00000000d5580000,0x00000000d5580000,0x00000000e7000000)
  from space 32256K, 0% used [0x00000000e7000000,0x00000000e7000000,0x00000000e8f80000)
  to   space 36352K, 0% used [0x00000000e9880000,0x00000000e9880000,0x00000000ebc00000)
 ParOldGen       total 111104K, used 63934K [0x0000000080000000, 0x0000000086c80000, 0x00000000d5580000)
  object space 111104K, 57% used [0x0000000080000000,0x0000000083e6f8f8,0x0000000086c80000)
 Metaspace       used 105540K, capacity 110208K, committed 111976K, reserved 1146880K
  class space    used 13652K, capacity 14558K, committed 14992K, reserved 1048576K
}
Event: 6100.637 GC heap before
{Heap before GC invocations=31 (full 5):
 PSYoungGen      total 321536K, used 289280K [0x00000000d5580000, 0x00000000ebc00000, 0x0000000100000000)
  eden space 289280K, 100% used [0x00000000d5580000,0x00000000e7000000,0x00000000e7000000)
  from space 32256K, 0% used [0x00000000e7000000,0x00000000e7000000,0x00000000e8f80000)
  to   space 36352K, 0% used [0x00000000e9880000,0x00000000e9880000,0x00000000ebc00000)
 ParOldGen       total 111104K, used 63934K [0x0000000080000000, 0x0000000086c80000, 0x00000000d5580000)
  object space 111104K, 57% used [0x0000000080000000,0x0000000083e6f8f8,0x0000000086c80000)
 Metaspace       used 119624K, capacity 125614K, committed 125928K, reserved 1159168K
  class space    used 15607K, capacity 16728K, committed 16912K, reserved 1048576K
Event: 6103.558 GC heap after
Heap after GC invocations=31 (full 5):
 PSYoungGen      total 325120K, used 36110K [0x00000000d5580000, 0x00000000ede80000, 0x0000000100000000)
  eden space 288768K, 0% used [0x00000000d5580000,0x00000000d5580000,0x00000000e6f80000)
  from space 36352K, 99% used [0x00000000e9880000,0x00000000ebbc3b40,0x00000000ebc00000)
  to   space 41984K, 0% used [0x00000000e6f80000,0x00000000e6f80000,0x00000000e9880000)
 ParOldGen       total 111104K, used 63950K [0x0000000080000000, 0x0000000086c80000, 0x00000000d5580000)
  object space 111104K, 57% used [0x0000000080000000,0x0000000083e738f8,0x0000000086c80000)
 Metaspace       used 119624K, capacity 125614K, committed 125928K, reserved 1159168K
  class space    used 15607K, capacity 16728K, committed 16912K, reserved 1048576K
}
Event: 6124.977 GC heap before
{Heap before GC invocations=32 (full 5):
 PSYoungGen      total 325120K, used 324878K [0x00000000d5580000, 0x00000000ede80000, 0x0000000100000000)
  eden space 288768K, 100% used [0x00000000d5580000,0x00000000e6f80000,0x00000000e6f80000)
  from space 36352K, 99% used [0x00000000e9880000,0x00000000ebbc3b40,0x00000000ebc00000)
  to   space 41984K, 0% used [0x00000000e6f80000,0x00000000e6f80000,0x00000000e9880000)
 ParOldGen       total 111104K, used 63950K [0x0000000080000000, 0x0000000086c80000, 0x00000000d5580000)
  object space 111104K, 57% used [0x0000000080000000,0x0000000083e738f8,0x0000000086c80000)
 Metaspace       used 120955K, capacity 127104K, committed 127336K, reserved 1159168K
  class space    used 15745K, capacity 16901K, committed 17040K, reserved 1048576K
Event: 6126.733 GC heap after
Heap after GC invocations=32 (full 5):
 PSYoungGen      total 330752K, used 28804K [0x00000000d5580000, 0x00000000ee980000, 0x0000000100000000)
  eden space 288768K, 0% used [0x00000000d5580000,0x00000000d5580000,0x00000000e6f80000)
  from space 41984K, 68% used [0x00000000e6f80000,0x00000000e8ba1340,0x00000000e9880000)
  to   space 44032K, 0% used [0x00000000ebe80000,0x00000000ebe80000,0x00000000ee980000)
 ParOldGen       total 111104K, used 63958K [0x0000000080000000, 0x0000000086c80000, 0x00000000d5580000)
  object space 111104K, 57% used [0x0000000080000000,0x0000000083e758f8,0x0000000086c80000)
 Metaspace       used 120955K, capacity 127104K, committed 127336K, reserved 1159168K
  class space    used 15745K, capacity 16901K, committed 17040K, reserved 1048576K
}
Event: 6146.278 GC heap before
{Heap before GC invocations=33 (full 5):
 PSYoungGen      total 330752K, used 317572K [0x00000000d5580000, 0x00000000ee980000, 0x0000000100000000)
  eden space 288768K, 100% used [0x00000000d5580000,0x00000000e6f80000,0x00000000e6f80000)
  from space 41984K, 68% used [0x00000000e6f80000,0x00000000e8ba1340,0x00000000e9880000)
  to   space 44032K, 0% used [0x00000000ebe80000,0x00000000ebe80000,0x00000000ee980000)
 ParOldGen       total 111104K, used 63958K [0x0000000080000000, 0x0000000086c80000, 0x00000000d5580000)
  object space 111104K, 57% used [0x0000000080000000,0x0000000083e758f8,0x0000000086c80000)
 Metaspace       used 121352K, capacity 127576K, committed 127848K, reserved 1161216K
  class space    used 15765K, capacity 16917K, committed 17040K, reserved 1048576K
Event: 6148.579 GC heap after
Heap after GC invocations=33 (full 5):
 PSYoungGen      total 371712K, used 16500K [0x00000000d5580000, 0x00000000eed00000, 0x0000000100000000)
  eden space 327680K, 0% used [0x00000000d5580000,0x00000000d5580000,0x00000000e9580000)
  from space 44032K, 37% used [0x00000000ebe80000,0x00000000ece9d208,0x00000000ee980000)
  to   space 41984K, 0% used [0x00000000e9580000,0x00000000e9580000,0x00000000ebe80000)
 ParOldGen       total 111104K, used 63966K [0x0000000080000000, 0x0000000086c80000, 0x00000000d5580000)
  object space 111104K, 57% used [0x0000000080000000,0x0000000083e778f8,0x0000000086c80000)
 Metaspace       used 121352K, capacity 127576K, committed 127848K, reserved 1161216K
  class space    used 15765K, capacity 16917K, committed 17040K, reserved 1048576K
}

Deoptimization events (10 events):
Event: 6132.023 Thread 0x000000001a789000 Uncommon trap: reason=bimorphic action=maybe_recompile pc=0x0000000006d22348 method=com.android.tools.r8.s.a.p.u.G()Z @ 36
Event: 6132.032 Thread 0x000000001a789000 Uncommon trap: reason=bimorphic action=maybe_recompile pc=0x0000000006d22348 method=com.android.tools.r8.s.a.p.u.G()Z @ 36
Event: 6132.299 Thread 0x000000001a789000 Uncommon trap: reason=unstable_if action=reinterpret pc=0x0000000006ca7660 method=com.android.tools.r8.ir.regalloc.a.a(Lcom/android/tools/r8/ir/regalloc/a$a;Z)Lcom/android/tools/r8/ir/regalloc/a$a; @ 2057
Event: 6132.572 Thread 0x000000001a789000 Uncommon trap: reason=bimorphic action=maybe_recompile pc=0x0000000006d22348 method=com.android.tools.r8.s.a.p.u.G()Z @ 36
Event: 6133.537 Thread 0x000000001a789000 Uncommon trap: reason=class_check action=maybe_recompile pc=0x00000000037b3a1c method=com.android.tools.r8.t.a.a.a.f.e.putAll(Ljava/util/Map;)V @ 3
Event: 6133.887 Thread 0x000000001f55f800 Uncommon trap: reason=unstable_if action=reinterpret pc=0x0000000005631590 method=java.util.concurrent.ConcurrentHashMap.replaceNode(Ljava/lang/Object;Ljava/lang/Object;Ljava/lang/Object;)Ljava/lang/Object; @ 136
Event: 6135.537 Thread 0x000000001a789000 Uncommon trap: reason=unstable_if action=reinterpret pc=0x0000000006a867bc method=com.android.tools.r8.s.b.W0.equals(Ljava/lang/Object;)Z @ 60
Event: 6136.695 Thread 0x000000001a789000 Uncommon trap: reason=class_check action=maybe_recompile pc=0x00000000037b3a1c method=com.android.tools.r8.t.a.a.a.f.e.putAll(Ljava/util/Map;)V @ 3
Event: 6138.916 Thread 0x000000001a781800 Uncommon trap: reason=unstable_if action=reinterpret pc=0x0000000003b11d88 method=java.util.Arrays.equals([Ljava/lang/Object;[Ljava/lang/Object;)Z @ 47
Event: 6141.222 Thread 0x000000001a789000 Uncommon trap: reason=class_check action=maybe_recompile pc=0x00000000037b3a1c method=com.android.tools.r8.t.a.a.a.f.e.putAll(Ljava/util/Map;)V @ 3

Classes redefined (0 events):
No events

Internal exceptions (10 events):
Event: 6140.024 Thread 0x000000001a781000 Exception <a 'sun/nio/fs/WindowsException'> (0x00000000e21c7040) thrown at [C:\src\AOSP-openjdk-git\hotspot\src\share\vm\prims\jni.cpp, line 710]
Event: 6140.045 Thread 0x000000001a781800 Exception <a 'sun/nio/fs/WindowsException'> (0x00000000e24b7838) thrown at [C:\src\AOSP-openjdk-git\hotspot\src\share\vm\prims\jni.cpp, line 710]
Event: 6140.818 Thread 0x000000001a781800 Exception <a 'sun/nio/fs/WindowsException'> (0x00000000e3391ea8) thrown at [C:\src\AOSP-openjdk-git\hotspot\src\share\vm\prims\jni.cpp, line 710]
Event: 6141.376 Thread 0x000000001a78c000 Exception <a 'sun/nio/fs/WindowsException'> (0x00000000e3f4acb0) thrown at [C:\src\AOSP-openjdk-git\hotspot\src\share\vm\prims\jni.cpp, line 710]
Event: 6141.519 Thread 0x000000001a781800 Exception <a 'sun/nio/fs/WindowsException'> (0x00000000e33d5540) thrown at [C:\src\AOSP-openjdk-git\hotspot\src\share\vm\prims\jni.cpp, line 710]
Event: 6141.771 Thread 0x000000001a781800 Exception <a 'sun/nio/fs/WindowsException'> (0x00000000e465a040) thrown at [C:\src\AOSP-openjdk-git\hotspot\src\share\vm\prims\jni.cpp, line 710]
Event: 6141.806 Thread 0x000000001a78c000 Exception <a 'sun/nio/fs/WindowsException'> (0x00000000e4927a50) thrown at [C:\src\AOSP-openjdk-git\hotspot\src\share\vm\prims\jni.cpp, line 710]
Event: 6144.055 Thread 0x000000001a78c000 Exception <a 'sun/nio/fs/WindowsException'> (0x00000000e670c6e0) thrown at [C:\src\AOSP-openjdk-git\hotspot\src\share\vm\prims\jni.cpp, line 710]
Event: 6148.935 Thread 0x000000001a78c000 Exception <a 'sun/nio/fs/WindowsException'> (0x00000000d58414e8) thrown at [C:\src\AOSP-openjdk-git\hotspot\src\share\vm\prims\jni.cpp, line 710]
Event: 6152.075 Thread 0x000000001a78c000 Exception <a 'sun/nio/fs/WindowsException'> (0x00000000d63fc3e8) thrown at [C:\src\AOSP-openjdk-git\hotspot\src\share\vm\prims\jni.cpp, line 710]

Events (10 events):
Event: 6149.247 Thread 0x0000000017c94000 flushing nmethod 0x0000000006a95790
Event: 6149.247 Thread 0x0000000017c94000 flushing nmethod 0x0000000006a97050
Event: 6149.247 Thread 0x0000000017c94000 flushing nmethod 0x0000000006aa2810
Event: 6149.248 Thread 0x0000000017c94000 flushing nmethod 0x0000000006aa6a50
Event: 6149.248 Thread 0x0000000017c94000 flushing nmethod 0x0000000006aab010
Event: 6149.249 Thread 0x0000000017c94000 flushing nmethod 0x0000000006ab8550
Event: 6150.206 Thread 0x000000001a781000 DEOPT PACKING pc=0x00000000068817b3 sp=0x0000000020c8a110
Event: 6150.330 Thread 0x000000001a781000 DEOPT UNPACKING pc=0x00000000030a71d0 sp=0x0000000020c8a260 mode 0
Event: 6152.017 Thread 0x000000001a789000 DEOPT PACKING pc=0x00000000068abdd3 sp=0x0000000020e89be0
Event: 6152.017 Thread 0x000000001a789000 DEOPT UNPACKING pc=0x00000000030a71d0 sp=0x0000000020e89ae8 mode 0


Dynamic libraries:
0x00007ff768ed0000 - 0x00007ff768f01000 	C:\Program Files\Android\Android Studio\jre\bin\java.exe
0x00007ffcae000000 - 0x00007ffcae1f0000 	C:\WINDOWS\SYSTEM32\ntdll.dll
0x00007ffcacd10000 - 0x00007ffcacdc2000 	C:\WINDOWS\System32\KERNEL32.DLL
0x00007ffcab530000 - 0x00007ffcab7d5000 	C:\WINDOWS\System32\KERNELBASE.dll
0x00007ffcacc60000 - 0x00007ffcacd03000 	C:\WINDOWS\System32\ADVAPI32.dll
0x00007ffcac4f0000 - 0x00007ffcac58e000 	C:\WINDOWS\System32\msvcrt.dll
0x00007ffcad200000 - 0x00007ffcad297000 	C:\WINDOWS\System32\sechost.dll
0x00007ffcac270000 - 0x00007ffcac38f000 	C:\WINDOWS\System32\RPCRT4.dll
0x00007ffcac0b0000 - 0x00007ffcac244000 	C:\WINDOWS\System32\USER32.dll
0x00007ffcab2b0000 - 0x00007ffcab2d1000 	C:\WINDOWS\System32\win32u.dll
0x00007ffcacbb0000 - 0x00007ffcacbd6000 	C:\WINDOWS\System32\GDI32.dll
0x00007ffcab390000 - 0x00007ffcab528000 	C:\WINDOWS\System32\gdi32full.dll
0x00007ffcab020000 - 0x00007ffcab0be000 	C:\WINDOWS\System32\msvcp_win.dll
0x00007ffcabfb0000 - 0x00007ffcac0aa000 	C:\WINDOWS\System32\ucrtbase.dll
0x00007ffc9db20000 - 0x00007ffc9dda4000 	C:\WINDOWS\WinSxS\amd64_microsoft.windows.common-controls_6595b64144ccf1df_6.0.18362.1440_none_9e7dbfb9e45e8e67\COMCTL32.dll
0x00007ffcad520000 - 0x00007ffcad856000 	C:\WINDOWS\System32\combase.dll
0x00007ffcab220000 - 0x00007ffcab2a1000 	C:\WINDOWS\System32\bcryptPrimitives.dll
0x00007ffcac640000 - 0x00007ffcac66e000 	C:\WINDOWS\System32\IMM32.DLL
0x0000000061b10000 - 0x0000000061be2000 	C:\Program Files\Android\Android Studio\jre\jre\bin\msvcr100.dll
0x0000000060100000 - 0x000000006094b000 	C:\Program Files\Android\Android Studio\jre\jre\bin\server\jvm.dll
0x00007ffcadfb0000 - 0x00007ffcadfb8000 	C:\WINDOWS\System32\PSAPI.DLL
0x00007ffca8f30000 - 0x00007ffca8f54000 	C:\WINDOWS\SYSTEM32\WINMM.dll
0x00007ffca3560000 - 0x00007ffca356a000 	C:\WINDOWS\SYSTEM32\VERSION.dll
0x00007ffc97760000 - 0x00007ffc97769000 	C:\WINDOWS\SYSTEM32\WSOCK32.dll
0x00007ffca8f00000 - 0x00007ffca8f2d000 	C:\WINDOWS\SYSTEM32\WINMMBASE.dll
0x00007ffcaaf70000 - 0x00007ffcaafba000 	C:\WINDOWS\System32\cfgmgr32.dll
0x00007ffcad010000 - 0x00007ffcad07f000 	C:\WINDOWS\System32\WS2_32.dll
0x00007ffc86290000 - 0x00007ffc8629f000 	C:\Program Files\Android\Android Studio\jre\jre\bin\verify.dll
0x00007ffc67df0000 - 0x00007ffc67e19000 	C:\Program Files\Android\Android Studio\jre\jre\bin\java.dll
0x00007ffc680b0000 - 0x00007ffc680c6000 	C:\Program Files\Android\Android Studio\jre\jre\bin\zip.dll
0x00007ffcad8c0000 - 0x00007ffcadfa8000 	C:\WINDOWS\System32\SHELL32.dll
0x00007ffcac590000 - 0x00007ffcac637000 	C:\WINDOWS\System32\shcore.dll
0x00007ffcab7e0000 - 0x00007ffcabf5b000 	C:\WINDOWS\System32\windows.storage.dll
0x00007ffcaaf30000 - 0x00007ffcaaf4e000 	C:\WINDOWS\System32\profapi.dll
0x00007ffcaaec0000 - 0x00007ffcaaf0a000 	C:\WINDOWS\System32\powrprof.dll
0x00007ffcaaeb0000 - 0x00007ffcaaec0000 	C:\WINDOWS\System32\UMPDC.dll
0x00007ffcad860000 - 0x00007ffcad8b2000 	C:\WINDOWS\System32\shlwapi.dll
0x00007ffcaaf10000 - 0x00007ffcaaf21000 	C:\WINDOWS\System32\kernel.appcore.dll
0x00007ffcabf90000 - 0x00007ffcabfa7000 	C:\WINDOWS\System32\cryptsp.dll
0x00007ffc67dd0000 - 0x00007ffc67dea000 	C:\Program Files\Android\Android Studio\jre\jre\bin\net.dll
0x00007ffcaa690000 - 0x00007ffcaa6f7000 	C:\WINDOWS\system32\mswsock.dll
0x00007ffc67db0000 - 0x00007ffc67dc3000 	C:\Program Files\Android\Android Studio\jre\jre\bin\nio.dll
0x00007ffc9cbc0000 - 0x00007ffc9cbe7000 	C:\Users\Dendi\.gradle\native\f6784746aeab05261644944871eae4fe03e0ef1612fff0a4a95f87b438bc6780\windows-amd64\native-platform.dll
0x00007ffc84c10000 - 0x00007ffc84c1d000 	C:\Program Files\Android\Android Studio\jre\jre\bin\management.dll
0x00007ffcaa210000 - 0x00007ffcaa243000 	C:\WINDOWS\system32\rsaenh.dll
0x00007ffcabf60000 - 0x00007ffcabf86000 	C:\WINDOWS\System32\bcrypt.dll
0x00007ffcaad90000 - 0x00007ffcaadb5000 	C:\WINDOWS\SYSTEM32\USERENV.dll
0x00007ffcaa970000 - 0x00007ffcaa97c000 	C:\WINDOWS\SYSTEM32\CRYPTBASE.dll
0x00007ffcaa3a0000 - 0x00007ffcaa3da000 	C:\WINDOWS\SYSTEM32\IPHLPAPI.DLL
0x00007ffcacfa0000 - 0x00007ffcacfa8000 	C:\WINDOWS\System32\NSI.dll
0x00007ffca2f00000 - 0x00007ffca2f16000 	C:\WINDOWS\SYSTEM32\dhcpcsvc6.DLL
0x00007ffca3570000 - 0x00007ffca358c000 	C:\WINDOWS\SYSTEM32\dhcpcsvc.DLL
0x00007ffcaa3e0000 - 0x00007ffcaa4ab000 	C:\WINDOWS\SYSTEM32\DNSAPI.dll
0x00007ffca3680000 - 0x00007ffca368b000 	C:\WINDOWS\SYSTEM32\WINNSI.DLL
0x00007ffca9ef0000 - 0x00007ffca9f21000 	C:\WINDOWS\SYSTEM32\ntmarta.dll
0x00007ffc6c700000 - 0x00007ffc6c724000 	C:\Program Files\Android\Android Studio\jre\jre\bin\sunec.dll
0x00007ffc9cbb0000 - 0x00007ffc9cbba000 	C:\Windows\System32\rasadhlp.dll
0x00007ffca2c80000 - 0x00007ffca2cf7000 	C:\WINDOWS\System32\fwpuclnt.dll
0x00007ffca5f70000 - 0x00007ffca5f7b000 	C:\Program Files\Android\Android Studio\jre\jre\bin\sunmscapi.dll
0x00007ffcab0c0000 - 0x00007ffcab211000 	C:\WINDOWS\System32\CRYPT32.dll
0x00007ffcaaf50000 - 0x00007ffcaaf62000 	C:\WINDOWS\System32\MSASN1.dll
0x00007ffca0e10000 - 0x00007ffca0e2e000 	C:\Users\Dendi\AppData\Local\Temp\native-platform576246495630853011dir\native-platform.dll

VM Arguments:
jvm_args: -Xmx2048m -Dfile.encoding=UTF-8 -Duser.country=US -Duser.language=en -Duser.variant 
java_command: org.gradle.launcher.daemon.bootstrap.GradleDaemon 6.5
java_class_path (initial): C:\Users\Dendi\.gradle\wrapper\dists\gradle-6.5-bin\6nifqtx7604sqp1q6g8wikw7p\gradle-6.5\lib\gradle-launcher-6.5.jar
Launcher Type: SUN_STANDARD

Environment Variables:
JAVA_HOME=C:\Program Files\Zulu\zulu-15
PATH=C:\Program Files\Zulu\zulu-15\bin;C:\WINDOWS\system32;C:\WINDOWS;C:\WINDOWS\System32\Wbem;C:\WINDOWS\System32\WindowsPowerShell\v1.0\;C:\WINDOWS\System32\OpenSSH\;C:\Program Files\Git\cmd;C:\Program Files\nodejs\;C:\xampp\php;C:\ProgramData\ComposerSetup\bin;C:\Program Files\PostgreSQL\13\bin;C:\Users\Dendi\AppData\Local\Microsoft\WindowsApps;C:\Users\Dendi\AppData\Local\Programs\Microsoft VS Code\bin;C:\Users\Dendi\AppData\Roaming\npm;C:\Users\Dendi\AppData\Roaming\Composer\vendor\bin;C:\msys64\mingw64\bin;
USERNAME=Dendi
OS=Windows_NT
PROCESSOR_IDENTIFIER=AMD64 Family 22 Model 48 Stepping 1, AuthenticAMD



---------------  S Y S T E M  ---------------

OS: Windows 10.0 , 64 bit Build 18362 (10.0.18362.1350)

CPU:total 4 (initial active 4) (4 cores per cpu, 1 threads per core) family 22 model 48 stepping 1, cmov, cx8, fxsr, mmx, sse, sse2, sse3, ssse3, sse4.1, sse4.2, popcnt, avx, aes, clmul, mmxext, 3dnowpref, lzcnt, sse4a, tsc, tscinvbit, tscinv, bmi1

Memory: 4k page, physical 2559860k(143104k free), swap 7540596k(2528k free)

vm_info: OpenJDK 64-Bit Server VM (25.242-b01) for windows-amd64 JRE (1.8.0_242-release-1644-b01), built by "builder" with MS VC++ 10.0 (VS2010)

time: Sat Mar 27 11:28:37 2021
timezone: SE Asia Standard Time
elapsed time: 6152 seconds (0d 1h 42m 32s)

